<?xml version="1.0" encoding="UTF-8"?>
<robot generator="Robot 7.2.2 (Python 3.12.5 on win32)" generated="2025-04-27T20:58:25.070901" rpa="false" schemaversion="5">
<suite id="s1" name="Robotframe" source="D:\robotframe">
<suite id="s1-s1" name="Orange Demo" source="D:\robotframe\orange_demo.robot">
<test id="s1-s1-t1" name="TC_Login_01_Valid_Login" line="14">
<kw name="Open Browser" owner="SeleniumLibrary">
<msg time="2025-04-27T20:58:25.547792" level="INFO">Opening browser 'Chrome' to base url 'https://opensource-demo.orangehrmlive.com/web/index.php/auth/login'.</msg>
<arg>${URL}</arg>
<arg>${BROWSER}</arg>
<doc>Opens a new browser instance to the optional ``url``.</doc>
<status status="PASS" start="2025-04-27T20:58:25.547792" elapsed="5.609409"/>
</kw>
<kw name="Maximize Browser Window" owner="SeleniumLibrary">
<doc>Maximizes current browser window.</doc>
<status status="PASS" start="2025-04-27T20:58:31.157201" elapsed="0.107531"/>
</kw>
<kw name="Wait Until Element Is Visible" owner="SeleniumLibrary">
<arg>name=username</arg>
<doc>Waits until the element ``locator`` is visible.</doc>
<status status="PASS" start="2025-04-27T20:58:31.265718" elapsed="0.474074"/>
</kw>
<kw name="Input Text" owner="SeleniumLibrary">
<msg time="2025-04-27T20:58:31.739792" level="INFO">Typing text 'Admin' into text field 'name=username'.</msg>
<arg>name=username</arg>
<arg>${VALID_USER}</arg>
<doc>Types the given ``text`` into the text field identified by ``locator``.</doc>
<status status="PASS" start="2025-04-27T20:58:31.739792" elapsed="0.108875"/>
</kw>
<kw name="Input Text" owner="SeleniumLibrary">
<msg time="2025-04-27T20:58:31.850750" level="INFO">Typing text 'admin123' into text field 'name=password'.</msg>
<arg>name=password</arg>
<arg>${VALID_PASS}</arg>
<doc>Types the given ``text`` into the text field identified by ``locator``.</doc>
<status status="PASS" start="2025-04-27T20:58:31.849691" elapsed="0.142601"/>
</kw>
<kw name="Click Button" owner="SeleniumLibrary">
<msg time="2025-04-27T20:58:31.994657" level="INFO">Clicking button 'xpath=//button[@type='submit']'.</msg>
<arg>xpath=//button[@type='submit']</arg>
<doc>Clicks the button identified by ``locator``.</doc>
<status status="PASS" start="2025-04-27T20:58:31.993415" elapsed="0.067483"/>
</kw>
<kw name="Wait Until Element Is Visible" owner="SeleniumLibrary">
<arg>xpath=//h6[text()='Dashboard']</arg>
<arg>timeout=10s</arg>
<doc>Waits until the element ``locator`` is visible.</doc>
<status status="PASS" start="2025-04-27T20:58:32.060898" elapsed="1.783331"/>
</kw>
<kw name="Page Should Contain Element" owner="SeleniumLibrary">
<msg time="2025-04-27T20:58:33.854533" level="INFO">Current page contains element 'xpath=//h6[text()='Dashboard']'.</msg>
<arg>xpath=//h6[text()='Dashboard']</arg>
<doc>Verifies that element ``locator`` is found on the current page.</doc>
<status status="PASS" start="2025-04-27T20:58:33.845233" elapsed="0.010296"/>
</kw>
<doc>Đăng nhập với thông tin hợp lệ - hiển thị Dashboard</doc>
<status status="PASS" start="2025-04-27T20:58:25.545551" elapsed="8.311360"/>
</test>
<test id="s1-s1-t2" name="TC_Login_02_Invalid_Login" line="26">
<kw name="Open Browser" owner="SeleniumLibrary">
<msg time="2025-04-27T20:58:33.860128" level="INFO">Opening browser 'Chrome' to base url 'https://opensource-demo.orangehrmlive.com/web/index.php/auth/login'.</msg>
<arg>${URL}</arg>
<arg>${BROWSER}</arg>
<doc>Opens a new browser instance to the optional ``url``.</doc>
<status status="PASS" start="2025-04-27T20:58:33.859130" elapsed="5.088985"/>
</kw>
<kw name="Maximize Browser Window" owner="SeleniumLibrary">
<doc>Maximizes current browser window.</doc>
<status status="PASS" start="2025-04-27T20:58:38.949260" elapsed="0.093331"/>
</kw>
<kw name="Wait Until Element Is Visible" owner="SeleniumLibrary">
<arg>name=username</arg>
<doc>Waits until the element ``locator`` is visible.</doc>
<status status="PASS" start="2025-04-27T20:58:39.044162" elapsed="0.483880"/>
</kw>
<kw name="Input Text" owner="SeleniumLibrary">
<msg time="2025-04-27T20:58:39.529247" level="INFO">Typing text 'wronguser' into text field 'name=username'.</msg>
<arg>name=username</arg>
<arg>${INVALID_USER}</arg>
<doc>Types the given ``text`` into the text field identified by ``locator``.</doc>
<status status="PASS" start="2025-04-27T20:58:39.528042" elapsed="0.118858"/>
</kw>
<kw name="Input Text" owner="SeleniumLibrary">
<msg time="2025-04-27T20:58:39.650217" level="INFO">Typing text 'wrongpass' into text field 'name=password'.</msg>
<arg>name=password</arg>
<arg>${INVALID_PASS}</arg>
<doc>Types the given ``text`` into the text field identified by ``locator``.</doc>
<status status="PASS" start="2025-04-27T20:58:39.649219" elapsed="0.102882"/>
</kw>
<kw name="Click Button" owner="SeleniumLibrary">
<msg time="2025-04-27T20:58:39.754118" level="INFO">Clicking button 'xpath=//button[@type='submit']'.</msg>
<arg>xpath=//button[@type='submit']</arg>
<doc>Clicks the button identified by ``locator``.</doc>
<status status="PASS" start="2025-04-27T20:58:39.752101" elapsed="0.084903"/>
</kw>
<kw name="Wait Until Element Is Visible" owner="SeleniumLibrary">
<arg>xpath=//div[contains(., 'Invalid credentials')]</arg>
<arg>timeout=15s</arg>
<doc>Waits until the element ``locator`` is visible.</doc>
<status status="PASS" start="2025-04-27T20:58:39.837004" elapsed="1.777276"/>
</kw>
<kw name="Page Should Contain" owner="SeleniumLibrary">
<msg time="2025-04-27T20:58:41.625608" level="INFO">Current page contains text 'Invalid credentials'.</msg>
<arg>Invalid credentials</arg>
<doc>Verifies that current page contains ``text``.</doc>
<status status="PASS" start="2025-04-27T20:58:41.614280" elapsed="0.011328"/>
</kw>
<doc>Đăng nhập với thông tin sai - hiển thị thông báo lỗi</doc>
<status status="PASS" start="2025-04-27T20:58:33.858134" elapsed="7.768592"/>
</test>
<status status="PASS" start="2025-04-27T20:58:25.102097" elapsed="16.525703"/>
</suite>
<status status="PASS" start="2025-04-27T20:58:25.075987" elapsed="16.552874"/>
</suite>
<statistics>
<total>
<stat pass="2" fail="0" skip="0">All Tests</stat>
</total>
<tag>
</tag>
<suite>
<stat name="Robotframe" id="s1" pass="2" fail="0" skip="0">Robotframe</stat>
<stat name="Orange Demo" id="s1-s1" pass="2" fail="0" skip="0">Robotframe.Orange Demo</stat>
</suite>
</statistics>
<errors>
</errors>
</robot>
